<?xml version="1.0" encoding="UTF-8"?>
<!-- Generated by org.testng.reporters.JUnitReportReporter -->
<testsuite hostname="LAPTOP-8QN8A84J" failures="0" tests="4" name="Day1.HttpRequest" time="6.444" errors="0" timestamp="2024-02-05T00:16:30 IST" skipped="0">
  <testcase classname="Day1.HttpRequest" name="getUsers" time="3.543"/>
  <system-out/>
  <testcase classname="Day1.HttpRequest" name="putRequest" time="1.346"/>
  <system-out/>
  <testcase classname="Day1.HttpRequest" name="updateRequest" time="0.952"/>
  <system-out/>
  <testcase classname="Day1.HttpRequest" name="deleteRequest" time="0.603"/>
  <system-out/>
</testsuite> <!-- Day1.HttpRequest -->
